2018-12-05 10:15:41 Debug: Array
(
    [MessageInfo] => Array
        (
            [messageID] => e9c8d35c7f2cc6fd4bfdd6e209f8ce
            [messageTimestamp] => 20180512211540878000+660
            [apiVersion] => xml-4.2
        )

    [RequestType] => Payment
    [MerchantInfo] => Array
        (
            [merchantID] => ABC0001
        )

    [Status] => Array
        (
            [statusCode] => 000
            [statusDescription] => Normal
        )

    [Payment] => Array
        (
            [TxnList] => Array
                (
                    [Txn] => Array
                        (
                            [txnType] => 0
                            [txnSource] => 23
                            [amount] => 200
                            [currency] => USD
                            [purchaseOrderNo] => 1544004939
                            [approved] => Yes
                            [responseCode] => 00
                            [responseText] => Approved
                            [thinlinkResponseCode] => 100
                            [thinlinkResponseText] => 000
                            [thinlinkEventStatusCode] => 000
                            [thinlinkEventStatusText] => Normal
                            [settlementDate] => 20181205
                            [txnID] => 890631
                            [ID] => 1
                        )

                    [count] => 1
                )

        )

)


2018-12-05 10:15:51 Debug: Array
(
    [MessageInfo] => Array
        (
            [messageID] => db6ad0b663c8424ce6261d00201eff
            [messageTimestamp] => 20180512211551003000+660
            [apiVersion] => xml-4.2
        )

    [RequestType] => Payment
    [MerchantInfo] => Array
        (
            [merchantID] => ABC0001
        )

    [Status] => Array
        (
            [statusCode] => 000
            [statusDescription] => Normal
        )

    [Payment] => Array
        (
            [TxnList] => Array
                (
                    [Txn] => Array
                        (
                            [txnType] => 0
                            [txnSource] => 23
                            [amount] => 200
                            [currency] => USD
                            [purchaseOrderNo] => 1544004948
                            [approved] => Yes
                            [responseCode] => 00
                            [responseText] => Approved
                            [thinlinkResponseCode] => 100
                            [thinlinkResponseText] => 000
                            [thinlinkEventStatusCode] => 000
                            [thinlinkEventStatusText] => Normal
                            [settlementDate] => 20181205
                            [txnID] => 890632
                            [ID] => 1
                        )

                    [count] => 1
                )

        )

)


2018-12-05 10:21:21 Debug: 
Array
(
    [MessageInfo] => Array
        (
            [messageID] => ecdf7da27dcefff39fa8609e0d3a7b
            [messageTimestamp] => 20180512212120954000+660
            [apiVersion] => xml-4.2
        )

    [RequestType] => Payment
    [MerchantInfo] => Array
        (
            [merchantID] => ABC0001
        )

    [Status] => Array
        (
            [statusCode] => 000
            [statusDescription] => Normal
        )

    [Payment] => Array
        (
            [TxnList] => Array
                (
                    [Txn] => Array
                        (
                            [txnType] => 0
                            [txnSource] => 23
                            [amount] => 200
                            [currency] => USD
                            [purchaseOrderNo] => 1544005279
                            [approved] => Yes
                            [responseCode] => 00
                            [responseText] => Approved
                            [thinlinkResponseCode] => 100
                            [thinlinkResponseText] => 000
                            [thinlinkEventStatusCode] => 000
                            [thinlinkEventStatusText] => Normal
                            [settlementDate] => 20181205
                            [txnID] => 890641
                            [ID] => 1
                        )

                    [count] => 1
                )

        )

)


